# JRE version: Java(TM) SE Runtime Environment (17.0.12+8) (build 17.0.12+8-LTS-286)
# Java VM: Java HotSpot(TM) 64-Bit Server VM (17.0.12+8-LTS-286, mixed mode, sharing, tiered, compressed oops, compressed class ptrs, g1 gc, windows-amd64)
GC Precious Log:
 CPUs: 4 total, 4 available
 Memory: 7540M
 Large Page Support: Disabled
 NUMA Support: Disabled
 Compressed Oops: Enabled (32-bit)
 Heap Region Size: 1M
 Heap Min Capacity: 8M
 Heap Initial Capacity: 118M
 Heap Max Capacity: 1886M
 Pre-touch: Disabled
 Parallel Workers: 4
 Concurrent Workers: 1
 Concurrent Refinement Workers: 4
 Periodic GC: Disabled
Heap:
 garbage-first heap   total 45056K, used 28014K [0x000000008a200000, 0x0000000100000000)
  region size 1024K, 14 young (14336K), 3 survivors (3072K)
 Metaspace       used 39291K, committed 39872K, reserved 1114112K
  class space    used 4821K, committed 5120K, reserved 1048576K
GC Heap History (20 events):
Event: 442.179 GC heap before
{Heap before GC invocations=13 (full 1):
 garbage-first heap   total 45056K, used 32599K [0x000000008a200000, 0x0000000100000000)
  region size 1024K, 13 young (13312K), 1 survivors (1024K)
 Metaspace       used 38224K, committed 38720K, reserved 1114112K
  class space    used 4785K, committed 5056K, reserved 1048576K
}
Event: 442.181 GC heap after
{Heap after GC invocations=14 (full 1):
 garbage-first heap   total 45056K, used 20702K [0x000000008a200000, 0x0000000100000000)
  region size 1024K, 1 young (1024K), 1 survivors (1024K)
 Metaspace       used 38224K, committed 38720K, reserved 1114112K
  class space    used 4785K, committed 5056K, reserved 1048576K
}
Event: 665.217 GC heap before
{Heap before GC invocations=15 (full 1):
 garbage-first heap   total 45056K, used 31966K [0x000000008a200000, 0x0000000100000000)
  region size 1024K, 13 young (13312K), 1 survivors (1024K)
 Metaspace       used 38348K, committed 38912K, reserved 1114112K
  class space    used 4785K, committed 5056K, reserved 1048576K
}
Event: 665.219 GC heap after
{Heap after GC invocations=16 (full 1):
 garbage-first heap   total 45056K, used 20729K [0x000000008a200000, 0x0000000100000000)
  region size 1024K, 1 young (1024K), 1 survivors (1024K)
 Metaspace       used 38348K, committed 38912K, reserved 1114112K
  class space    used 4785K, committed 5056K, reserved 1048576K
}
Event: 685.671 GC heap before
{Heap before GC invocations=16 (full 1):
 garbage-first heap   total 45056K, used 21753K [0x000000008a200000, 0x0000000100000000)
  region size 1024K, 2 young (2048K), 1 survivors (1024K)
 Metaspace       used 38348K, committed 38912K, reserved 1114112K
  class space    used 4785K, committed 5056K, reserved 1048576K
}
Event: 685.672 GC heap after
{Heap after GC invocations=17 (full 1):
 garbage-first heap   total 45056K, used 19996K [0x000000008a200000, 0x0000000100000000)
  region size 1024K, 1 young (1024K), 1 survivors (1024K)
 Metaspace       used 38348K, committed 38912K, reserved 1114112K
  class space    used 4785K, committed 5056K, reserved 1048576K
}
Event: 989.539 GC heap before
{Heap before GC invocations=17 (full 1):
 garbage-first heap   total 45056K, used 33308K [0x000000008a200000, 0x0000000100000000)
  region size 1024K, 15 young (15360K), 1 survivors (1024K)
 Metaspace       used 38348K, committed 38912K, reserved 1114112K
  class space    used 4785K, committed 5056K, reserved 1048576K
}
Event: 989.540 GC heap after
{Heap after GC invocations=18 (full 1):
 garbage-first heap   total 45056K, used 19909K [0x000000008a200000, 0x0000000100000000)
  region size 1024K, 1 young (1024K), 1 survivors (1024K)
 Metaspace       used 38348K, committed 38912K, reserved 1114112K
  class space    used 4785K, committed 5056K, reserved 1048576K
}
Event: 1304.779 GC heap before
{Heap before GC invocations=19 (full 1):
 garbage-first heap   total 45056K, used 35269K [0x000000008a200000, 0x0000000100000000)
  region size 1024K, 16 young (16384K), 1 survivors (1024K)
 Metaspace       used 38378K, committed 38912K, reserved 1114112K
  class space    used 4785K, committed 5056K, reserved 1048576K
}
Event: 1304.780 GC heap after
{Heap after GC invocations=20 (full 1):
 garbage-first heap   total 45056K, used 19743K [0x000000008a200000, 0x0000000100000000)
  region size 1024K, 1 young (1024K), 1 survivors (1024K)
 Metaspace       used 38378K, committed 38912K, reserved 1114112K
  class space    used 4785K, committed 5056K, reserved 1048576K
}
Event: 1626.781 GC heap before
{Heap before GC invocations=20 (full 1):
 garbage-first heap   total 45056K, used 35103K [0x000000008a200000, 0x0000000100000000)
  region size 1024K, 16 young (16384K), 1 survivors (1024K)
 Metaspace       used 38403K, committed 38912K, reserved 1114112K
  class space    used 4785K, committed 5056K, reserved 1048576K
}
Event: 1626.798 GC heap after
{Heap after GC invocations=21 (full 1):
 garbage-first heap   total 45056K, used 19757K [0x000000008a200000, 0x0000000100000000)
  region size 1024K, 1 young (1024K), 1 survivors (1024K)
 Metaspace       used 38403K, committed 38912K, reserved 1114112K
  class space    used 4785K, committed 5056K, reserved 1048576K
}
Event: 1805.022 GC heap before
{Heap before GC invocations=22 (full 1):
 garbage-first heap   total 45056K, used 32045K [0x000000008a200000, 0x0000000100000000)
  region size 1024K, 14 young (14336K), 1 survivors (1024K)
 Metaspace       used 38547K, committed 39104K, reserved 1114112K
  class space    used 4786K, committed 5056K, reserved 1048576K
}
Event: 1805.129 GC heap after
{Heap after GC invocations=23 (full 2):
 garbage-first heap   total 45056K, used 16714K [0x000000008a200000, 0x0000000100000000)
  region size 1024K, 0 young (0K), 0 survivors (0K)
 Metaspace       used 38547K, committed 39104K, reserved 1114112K
  class space    used 4786K, committed 5056K, reserved 1048576K
}
Event: 1806.262 GC heap before
{Heap before GC invocations=23 (full 2):
 garbage-first heap   total 45056K, used 34122K [0x000000008a200000, 0x0000000100000000)
  region size 1024K, 18 young (18432K), 0 survivors (0K)
 Metaspace       used 38712K, committed 39232K, reserved 1114112K
  class space    used 4787K, committed 5056K, reserved 1048576K
}
Event: 1806.271 GC heap after
{Heap after GC invocations=24 (full 2):
 garbage-first heap   total 45056K, used 18706K [0x000000008a200000, 0x0000000100000000)
  region size 1024K, 2 young (2048K), 2 survivors (2048K)
 Metaspace       used 38712K, committed 39232K, reserved 1114112K
  class space    used 4787K, committed 5056K, reserved 1048576K
}
Event: 1818.902 GC heap before
{Heap before GC invocations=24 (full 2):
 garbage-first heap   total 45056K, used 26898K [0x000000008a200000, 0x0000000100000000)
  region size 1024K, 11 young (11264K), 2 survivors (2048K)
 Metaspace       used 38907K, committed 39424K, reserved 1114112K
  class space    used 4800K, committed 5056K, reserved 1048576K
}
Event: 1818.974 GC heap after
{Heap after GC invocations=25 (full 3):
 garbage-first heap   total 45056K, used 15439K [0x000000008a200000, 0x0000000100000000)
  region size 1024K, 0 young (0K), 0 survivors (0K)
 Metaspace       used 38904K, committed 39424K, reserved 1114112K
  class space    used 4800K, committed 5056K, reserved 1048576K
}
Event: 1819.847 GC heap before
{Heap before GC invocations=25 (full 3):
 garbage-first heap   total 45056K, used 34895K [0x000000008a200000, 0x0000000100000000)
  region size 1024K, 19 young (19456K), 0 survivors (0K)
 Metaspace       used 39100K, committed 39616K, reserved 1114112K
  class space    used 4804K, committed 5056K, reserved 1048576K
}
Event: 1819.852 GC heap after
{Heap after GC invocations=26 (full 3):
 garbage-first heap   total 45056K, used 17774K [0x000000008a200000, 0x0000000100000000)
  region size 1024K, 3 young (3072K), 3 survivors (3072K)
 Metaspace       used 39100K, committed 39616K, reserved 1114112K
  class space    used 4804K, committed 5056K, reserved 1048576K
}

